2025-11-19 11:42:33 [main] INFO  com.example.app.Main - Iniciando a aplicação Sistema de Gestão.
2025-11-19 11:42:33 [main] INFO  com.example.service.UserService - Ficheiro 'users.json' não encontrado. Lista de utilizadores inicializada vazia.
2025-11-19 11:42:33 [main] INFO  com.example.service.GestaoEstacionamento - Gestão de estacionamento inicializada com capacidade: 10
2025-11-19 11:42:39 [main] WARN  com.example.service.AuthService - Tentativa de login falhada: utilizador 'admin' não encontrado.
2025-11-19 11:42:39 [main] WARN  com.example.app.menu.MenuPrincipal - Falha de login para username: admin
2025-11-19 11:43:05 [main] ERROR com.example.app.Main - Ocorreu um erro inesperado na aplicação.
java.util.NoSuchElementException: No line found
	at java.util.Scanner.nextLine(Scanner.java:1690) ~[?:?]
	at com.example.app.menu.MenuPrincipal.fazerLogin(MenuPrincipal.java:106) ~[demo-0.1.jar:?]
	at com.example.app.menu.MenuPrincipal.iniciar(MenuPrincipal.java:23) ~[demo-0.1.jar:?]
	at com.example.app.Main.main(Main.java:15) [demo-0.1.jar:?]
2025-11-19 11:43:10 [main] INFO  com.example.app.Main - Iniciando a aplicação Sistema de Gestão.
2025-11-19 11:43:10 [main] INFO  com.example.service.UserService - Ficheiro 'users.json' não encontrado. Lista de utilizadores inicializada vazia.
2025-11-19 11:43:10 [main] INFO  com.example.service.GestaoEstacionamento - Gestão de estacionamento inicializada com capacidade: 10
2025-11-19 11:43:14 [main] WARN  com.example.service.AuthService - Tentativa de login falhada: utilizador 'admin' não encontrado.
2025-11-19 11:43:14 [main] WARN  com.example.app.menu.MenuPrincipal - Falha de login para username: admin
2025-11-19 11:43:16 [main] ERROR com.example.app.Main - Ocorreu um erro inesperado na aplicação.
java.util.NoSuchElementException: No line found
	at java.util.Scanner.nextLine(Scanner.java:1690) ~[?:?]
	at com.example.app.menu.MenuPrincipal.fazerLogin(MenuPrincipal.java:103) ~[demo-0.1.jar:?]
	at com.example.app.menu.MenuPrincipal.iniciar(MenuPrincipal.java:23) ~[demo-0.1.jar:?]
	at com.example.app.Main.main(Main.java:15) [demo-0.1.jar:?]
